<?xml version="1.0" encoding="UTF-8"?>
<testsuite name="banking.PassProcessorTest" tests="1" skipped="0" failures="0" errors="0" timestamp="2021-06-04T23:16:57" hostname="JIN-COMPOTA" time="0.022">
  <properties/>
  <testcase name="pass_doesnt_remove_previously_deleted_account_id()" classname="banking.PassProcessorTest" time="0.022"/>
  <system-out><![CDATA[]]></system-out>
  <system-err><![CDATA[]]></system-err>
</testsuite>
