<?xml version="1.0" encoding="UTF-8"?>
<testsuite name="banking.AccountsTest" tests="29" skipped="0" failures="0" errors="0" timestamp="2021-05-31T03:07:03" hostname="JIN-COMPOTA" time="0.057">
  <properties/>
  <testcase name="checking_withdraw()" classname="banking.AccountsTest" time="0.006"/>
  <testcase name="decimal_balance()" classname="banking.AccountsTest" time="0.001"/>
  <testcase name="checking_apr_calculations()" classname="banking.AccountsTest" time="0.0"/>
  <testcase name="both_balance_and_apr_are_always_two_decimals()" classname="banking.AccountsTest" time="0.001"/>
  <testcase name="decimal_apr()" classname="banking.AccountsTest" time="0.0"/>
  <testcase name="cd_correct_apr()" classname="banking.AccountsTest" time="0.001"/>
  <testcase name="withdraw_zero()" classname="banking.AccountsTest" time="0.001"/>
  <testcase name="cd_withdraw()" classname="banking.AccountsTest" time="0.002"/>
  <testcase name="checking_cant_go_below_zero()" classname="banking.AccountsTest" time="0.001"/>
  <testcase name="savings_deposit()" classname="banking.AccountsTest" time="0.0"/>
  <testcase name="cd_cant_go_below_zero()" classname="banking.AccountsTest" time="0.001"/>
  <testcase name="checking_deposit()" classname="banking.AccountsTest" time="0.001"/>
  <testcase name="balance_is_always_two_decimals()" classname="banking.AccountsTest" time="0.001"/>
  <testcase name="savings_cant_go_below_zero()" classname="banking.AccountsTest" time="0.0"/>
  <testcase name="savings_withdraw()" classname="banking.AccountsTest" time="0.001"/>
  <testcase name="deposit_zero()" classname="banking.AccountsTest" time="0.001"/>
  <testcase name="cd_initial_balance()" classname="banking.AccountsTest" time="0.001"/>
  <testcase name="balance_is_two_decimals_after_deposit()" classname="banking.AccountsTest" time="0.005"/>
  <testcase name="balance_is_two_decimals_after_withdraw()" classname="banking.AccountsTest" time="0.001"/>
  <testcase name="apr_is_always_two_decimals()" classname="banking.AccountsTest" time="0.001"/>
  <testcase name="savings_apr_calculations()" classname="banking.AccountsTest" time="0.001"/>
  <testcase name="checking_initial_balance()" classname="banking.AccountsTest" time="0.001"/>
  <testcase name="checking_correct_apr()" classname="banking.AccountsTest" time="0.001"/>
  <testcase name="depositing_decimal_amounts()" classname="banking.AccountsTest" time="0.001"/>
  <testcase name="cd_apr_calculations()" classname="banking.AccountsTest" time="0.001"/>
  <testcase name="savings_initial_balance()" classname="banking.AccountsTest" time="0.001"/>
  <testcase name="savings_correct_apr()" classname="banking.AccountsTest" time="0.001"/>
  <testcase name="decimal_apr_and_balance()" classname="banking.AccountsTest" time="0.001"/>
  <testcase name="withdrawing_decimal_amounts()" classname="banking.AccountsTest" time="0.0"/>
  <system-out><![CDATA[]]></system-out>
  <system-err><![CDATA[]]></system-err>
</testsuite>
