<?xml version="1.0" encoding="UTF-8"?>
<testsuite name="banking.MasterControlTest" tests="4" skipped="0" failures="0" errors="0" timestamp="2021-05-23T19:18:50" hostname="JIN-COMPOTA" time="0.003">
  <properties/>
  <testcase name="invalid_to_create_accounts_with_same_id()" classname="banking.MasterControlTest" time="0.0"/>
  <testcase name="typo_in_create_command_is_invalid()" classname="banking.MasterControlTest" time="0.0"/>
  <testcase name="typo_in_deposit_command_is_invalid()" classname="banking.MasterControlTest" time="0.0"/>
  <testcase name="two_typo_commands_both_invalid()" classname="banking.MasterControlTest" time="0.0"/>
  <system-out><![CDATA[]]></system-out>
  <system-err><![CDATA[]]></system-err>
</testsuite>
