<?xml version="1.0" encoding="UTF-8"?>
<testsuite name="banking.CommandProcessorTest" tests="1" skipped="0" failures="0" errors="0" timestamp="2021-06-05T01:46:34" hostname="JIN-COMPOTA" time="0.031">
  <properties/>
  <testcase name="process_pass_twenty_three_months()" classname="banking.CommandProcessorTest" time="0.031"/>
  <system-out><![CDATA[]]></system-out>
  <system-err><![CDATA[]]></system-err>
</testsuite>
