<?xml version="1.0" encoding="UTF-8"?>
<testsuite name="CreateProcessorTest" tests="3" skipped="0" failures="0" errors="0" timestamp="2021-05-21T04:32:56" hostname="JIN-COMPOTA" time="0.027">
  <properties/>
  <testcase name="create_cd_account()" classname="CreateProcessorTest" time="0.023"/>
  <testcase name="initially_no_accounts()" classname="CreateProcessorTest" time="0.0"/>
  <testcase name="create_checking_account()" classname="CreateProcessorTest" time="0.002"/>
  <system-out><![CDATA[]]></system-out>
  <system-err><![CDATA[]]></system-err>
</testsuite>
