<?xml version="1.0" encoding="UTF-8"?>
<testsuite name="banking.CreateValidatorTest" tests="40" skipped="0" failures="0" errors="0" timestamp="2021-05-28T21:09:41" hostname="JIN-COMPOTA" time="0.088">
  <properties/>
  <testcase name="create_wrong_account()" classname="banking.CreateValidatorTest" time="0.002"/>
  <testcase name="create_cd_over_max_balance()" classname="banking.CreateValidatorTest" time="0.001"/>
  <testcase name="general_quotes_as_input()" classname="banking.CreateValidatorTest" time="0.001"/>
  <testcase name="create_non_string_account()" classname="banking.CreateValidatorTest" time="0.002"/>
  <testcase name="general_lowest_id()" classname="banking.CreateValidatorTest" time="0.001"/>
  <testcase name="create_cd_min_balance()" classname="banking.CreateValidatorTest" time="0.001"/>
  <testcase name="general_extra_space_middle()" classname="banking.CreateValidatorTest" time="0.001"/>
  <testcase name="general_wrong_command()" classname="banking.CreateValidatorTest" time="0.001"/>
  <testcase name="general_highest_id()" classname="banking.CreateValidatorTest" time="0.001"/>
  <testcase name="create_cd_decimal_balance()" classname="banking.CreateValidatorTest" time="0.001"/>
  <testcase name="create_cd_max_balance()" classname="banking.CreateValidatorTest" time="0.001"/>
  <testcase name="create_cd_missing_input()" classname="banking.CreateValidatorTest" time="0.001"/>
  <testcase name="create_cd_empty_balance()" classname="banking.CreateValidatorTest" time="0.001"/>
  <testcase name="empty_string()" classname="banking.CreateValidatorTest" time="0.002"/>
  <testcase name="create_savings_missing_input()" classname="banking.CreateValidatorTest" time="0.002"/>
  <testcase name="create_correct_checking_string()" classname="banking.CreateValidatorTest" time="0.002"/>
  <testcase name="create_correct_savings_string()" classname="banking.CreateValidatorTest" time="0.001"/>
  <testcase name="general_negative_id()" classname="banking.CreateValidatorTest" time="0.001"/>
  <testcase name="create_checking_minimum_apr()" classname="banking.CreateValidatorTest" time="0.001"/>
  <testcase name="general_9_digit_id()" classname="banking.CreateValidatorTest" time="0.001"/>
  <testcase name="create_checking_missing_apr()" classname="banking.CreateValidatorTest" time="0.002"/>
  <testcase name="general_extra_space_end()" classname="banking.CreateValidatorTest" time="0.002"/>
  <testcase name="just_space()" classname="banking.CreateValidatorTest" time="0.001"/>
  <testcase name="general_7_digit_id()" classname="banking.CreateValidatorTest" time="0.001"/>
  <testcase name="create_checking_maximum_apr()" classname="banking.CreateValidatorTest" time="0.001"/>
  <testcase name="general_decimal_id()" classname="banking.CreateValidatorTest" time="0.001"/>
  <testcase name="create_cd_extra_input()" classname="banking.CreateValidatorTest" time="0.0"/>
  <testcase name="create_checking_above_maximum_apr()" classname="banking.CreateValidatorTest" time="0.001"/>
  <testcase name="create_checking_negative_apr()" classname="banking.CreateValidatorTest" time="0.001"/>
  <testcase name="general_non_string_command()" classname="banking.CreateValidatorTest" time="0.001"/>
  <testcase name="general_insensitive_case()" classname="banking.CreateValidatorTest" time="0.001"/>
  <testcase name="general_id_has_characters()" classname="banking.CreateValidatorTest" time="0.001"/>
  <testcase name="general_extra_space_front()" classname="banking.CreateValidatorTest" time="0.002"/>
  <testcase name="create_savings_missing_id()" classname="banking.CreateValidatorTest" time="0.002"/>
  <testcase name="general_string_as_apr()" classname="banking.CreateValidatorTest" time="0.001"/>
  <testcase name="create_savings_extra_input()" classname="banking.CreateValidatorTest" time="0.002"/>
  <testcase name="create_checking_missing_id()" classname="banking.CreateValidatorTest" time="0.002"/>
  <testcase name="general_id_already_exists()" classname="banking.CreateValidatorTest" time="0.001"/>
  <testcase name="general_missing_command()" classname="banking.CreateValidatorTest" time="0.001"/>
  <testcase name="create_checking_missing_account()" classname="banking.CreateValidatorTest" time="0.001"/>
  <system-out><![CDATA[]]></system-out>
  <system-err><![CDATA[]]></system-err>
</testsuite>
