<?xml version="1.0" encoding="UTF-8"?>
<testsuite name="banking.DepositProcessorTest" tests="2" skipped="0" failures="0" errors="0" timestamp="2021-05-22T23:30:05" hostname="JIN-COMPOTA" time="0.001">
  <properties/>
  <testcase name="deposits_in_savings_account()" classname="banking.DepositProcessorTest" time="0.0"/>
  <testcase name="deposits_in_checking_account()" classname="banking.DepositProcessorTest" time="0.0"/>
  <system-out><![CDATA[]]></system-out>
  <system-err><![CDATA[]]></system-err>
</testsuite>
