<?xml version="1.0" encoding="UTF-8"?>
<testsuite name="banking.DepositProcessorTest" tests="2" skipped="0" failures="0" errors="0" timestamp="2021-06-05T20:00:04" hostname="JIN-COMPOTA" time="0.005">
  <properties/>
  <testcase name="deposits_in_savings_account()" classname="banking.DepositProcessorTest" time="0.002"/>
  <testcase name="deposits_in_checking_account()" classname="banking.DepositProcessorTest" time="0.002"/>
  <system-out><![CDATA[]]></system-out>
  <system-err><![CDATA[]]></system-err>
</testsuite>
