<?xml version="1.0" encoding="UTF-8"?>
<testsuite name="banking.BankTest" tests="1" skipped="0" failures="0" errors="0" timestamp="2021-05-27T23:49:00" hostname="JIN-COMPOTA" time="0.049">
  <properties/>
  <testcase name="removes_non_existent_account()" classname="banking.BankTest" time="0.049"/>
  <system-out><![CDATA[]]></system-out>
  <system-err><![CDATA[]]></system-err>
</testsuite>
