<?xml version="1.0" encoding="UTF-8"?>
<testsuite name="CommandProcessorTest" tests="4" skipped="0" failures="0" errors="0" timestamp="2021-05-15T22:57:58" hostname="JIN-COMPOTA" time="0.022">
  <properties/>
  <testcase name="process_create_checking_command()" classname="CommandProcessorTest" time="0.017"/>
  <testcase name="process_create_cd_command()" classname="CommandProcessorTest" time="0.001"/>
  <testcase name="process_deposit_checking_command()" classname="CommandProcessorTest" time="0.001"/>
  <testcase name="process_create_savings_command()" classname="CommandProcessorTest" time="0.001"/>
  <system-out><![CDATA[]]></system-out>
  <system-err><![CDATA[]]></system-err>
</testsuite>
