<?xml version="1.0" encoding="UTF-8"?>
<testsuite name="banking.BankTest" tests="9" skipped="0" failures="0" errors="0" timestamp="2021-05-22T23:30:05" hostname="JIN-COMPOTA" time="0.016">
  <properties/>
  <testcase name="deposit_money_to_bank_account()" classname="banking.BankTest" time="0.001"/>
  <testcase name="method_test()" classname="banking.BankTest" time="0.001"/>
  <testcase name="withdraw_money_from_bank_account()" classname="banking.BankTest" time="0.001"/>
  <testcase name="deposit_money_to_bank_account_twice()" classname="banking.BankTest" time="0.001"/>
  <testcase name="bank_accounts_apr()" classname="banking.BankTest" time="0.0"/>
  <testcase name="bank_is_initially_empty()" classname="banking.BankTest" time="0.001"/>
  <testcase name="add_account_to_bank()" classname="banking.BankTest" time="0.001"/>
  <testcase name="add_two_accounts_to_bank()" classname="banking.BankTest" time="0.001"/>
  <testcase name="withdraw_money_from_bank_account_twice()" classname="banking.BankTest" time="0.002"/>
  <system-out><![CDATA[]]></system-out>
  <system-err><![CDATA[]]></system-err>
</testsuite>
