<?xml version="1.0" encoding="UTF-8"?>
<testsuite name="banking.CommandStorageTest" tests="4" skipped="0" failures="0" errors="0" timestamp="2021-05-22T23:30:05" hostname="JIN-COMPOTA" time="0.004">
  <properties/>
  <testcase name="initially_empty_list()" classname="banking.CommandStorageTest" time="0.001"/>
  <testcase name="returning_all_strings()" classname="banking.CommandStorageTest" time="0.0"/>
  <testcase name="returning_invalid_commands()" classname="banking.CommandStorageTest" time="0.0"/>
  <testcase name="adding_invalid_strings()" classname="banking.CommandStorageTest" time="0.0"/>
  <system-out><![CDATA[]]></system-out>
  <system-err><![CDATA[]]></system-err>
</testsuite>
