<?xml version="1.0" encoding="UTF-8"?>
<testsuite name="CommandProcessorTest" tests="6" skipped="0" failures="0" errors="0" timestamp="2021-05-16T02:11:42" hostname="JIN-COMPOTA" time="0.003">
  <properties/>
  <testcase name="process_create_checking_command()" classname="CommandProcessorTest" time="0.0"/>
  <testcase name="process_deposit_savings_command()" classname="CommandProcessorTest" time="0.001"/>
  <testcase name="process_create_cd_command()" classname="CommandProcessorTest" time="0.0"/>
  <testcase name="process_deposit_checking_command()" classname="CommandProcessorTest" time="0.0"/>
  <testcase name="process_deposit_twice()" classname="CommandProcessorTest" time="0.001"/>
  <testcase name="process_create_savings_command()" classname="CommandProcessorTest" time="0.0"/>
  <system-out><![CDATA[]]></system-out>
  <system-err><![CDATA[]]></system-err>
</testsuite>
