<?xml version="1.0" encoding="UTF-8"?>
<testsuite name="banking.OutputTest" tests="3" skipped="0" failures="0" errors="0" timestamp="2021-06-13T02:03:24" hostname="JIN-COMPOTA" time="0.002">
  <properties/>
  <testcase name="output_current_state()" classname="banking.OutputTest" time="0.001"/>
  <testcase name="output_multiple_account_states_and_historys()" classname="banking.OutputTest" time="0.0"/>
  <testcase name="output_transaction_history()" classname="banking.OutputTest" time="0.0"/>
  <system-out><![CDATA[]]></system-out>
  <system-err><![CDATA[]]></system-err>
</testsuite>
