<?xml version="1.0" encoding="UTF-8"?>
<testsuite name="banking.TransferProcessorTest" tests="1" skipped="0" failures="0" errors="0" timestamp="2021-06-10T22:42:44" hostname="JIN-COMPOTA" time="0.023">
  <properties/>
  <testcase name="transfer_savings_to_savings()" classname="banking.TransferProcessorTest" time="0.023"/>
  <system-out><![CDATA[]]></system-out>
  <system-err><![CDATA[]]></system-err>
</testsuite>
