<?xml version="1.0" encoding="UTF-8"?>
<testsuite name="banking.CommandValidatorTest" tests="7" skipped="0" failures="0" errors="0" timestamp="2021-05-28T21:09:41" hostname="JIN-COMPOTA" time="0.02">
  <properties/>
  <testcase name="wrong_deposit_string()" classname="banking.CommandValidatorTest" time="0.004"/>
  <testcase name="wrong_create_string()" classname="banking.CommandValidatorTest" time="0.005"/>
  <testcase name="correct_create_string()" classname="banking.CommandValidatorTest" time="0.001"/>
  <testcase name="correct_deposit_string()" classname="banking.CommandValidatorTest" time="0.001"/>
  <testcase name="empty_string()" classname="banking.CommandValidatorTest" time="0.001"/>
  <testcase name="just_spaces()" classname="banking.CommandValidatorTest" time="0.0"/>
  <testcase name="random_string()" classname="banking.CommandValidatorTest" time="0.001"/>
  <system-out><![CDATA[]]></system-out>
  <system-err><![CDATA[]]></system-err>
</testsuite>
