<?xml version="1.0" encoding="UTF-8"?>
<testsuite name="banking.PassProcessorTest" tests="14" skipped="0" failures="0" errors="0" timestamp="2021-06-13T02:03:24" hostname="JIN-COMPOTA" time="0.007">
  <properties/>
  <testcase name="pass_removes_minimum_balance_fee()" classname="banking.PassProcessorTest" time="0.0"/>
  <testcase name="pass_ages_only_existing_accounts()" classname="banking.PassProcessorTest" time="0.001"/>
  <testcase name="pass_removes_all_empty_accounts()" classname="banking.PassProcessorTest" time="0.0"/>
  <testcase name="pass_doesnt_remove_previously_deleted_account_id()" classname="banking.PassProcessorTest" time="0.001"/>
  <testcase name="pass_two_months_apr()" classname="banking.PassProcessorTest" time="0.0"/>
  <testcase name="pass_deletes_empty_account_on_second_month()" classname="banking.PassProcessorTest" time="0.001"/>
  <testcase name="pass_two_months_aging()" classname="banking.PassProcessorTest" time="0.0"/>
  <testcase name="pass_two_months_remove_minimum_balance_fee()" classname="banking.PassProcessorTest" time="0.001"/>
  <testcase name="pass_apr_works_once()" classname="banking.PassProcessorTest" time="0.0"/>
  <testcase name="pass_removes_minimum_balance_fees_on_all_accounts()" classname="banking.PassProcessorTest" time="0.001"/>
  <testcase name="pass_aging_works_once()" classname="banking.PassProcessorTest" time="0.0"/>
  <testcase name="pass_ages_all_accounts()" classname="banking.PassProcessorTest" time="0.0"/>
  <testcase name="pass_does_apr_for_all_accounts()" classname="banking.PassProcessorTest" time="0.0"/>
  <testcase name="pass_deletes_zero_balance_account()" classname="banking.PassProcessorTest" time="0.0"/>
  <system-out><![CDATA[]]></system-out>
  <system-err><![CDATA[]]></system-err>
</testsuite>
