<?xml version="1.0" encoding="UTF-8"?>
<testsuite name="CommandValidatorTest" tests="7" skipped="0" failures="0" errors="0" timestamp="2021-05-16T02:35:00" hostname="JIN-COMPOTA" time="0.011">
  <properties/>
  <testcase name="wrong_deposit_string()" classname="CommandValidatorTest" time="0.003"/>
  <testcase name="wrong_create_string()" classname="CommandValidatorTest" time="0.002"/>
  <testcase name="correct_create_string()" classname="CommandValidatorTest" time="0.0"/>
  <testcase name="correct_deposit_string()" classname="CommandValidatorTest" time="0.0"/>
  <testcase name="empty_string()" classname="CommandValidatorTest" time="0.0"/>
  <testcase name="just_spaces()" classname="CommandValidatorTest" time="0.0"/>
  <testcase name="random_string()" classname="CommandValidatorTest" time="0.0"/>
  <system-out><![CDATA[]]></system-out>
  <system-err><![CDATA[]]></system-err>
</testsuite>
