<?xml version="1.0" encoding="UTF-8"?>
<testsuite name="banking.WithdrawProcessorTest" tests="3" skipped="0" failures="0" errors="0" timestamp="2021-06-13T02:54:18" hostname="JIN-COMPOTA" time="0.003">
  <properties/>
  <testcase name="withdraw_from_savings_account()" classname="banking.WithdrawProcessorTest" time="0.001"/>
  <testcase name="withdraw_from_checking_account()" classname="banking.WithdrawProcessorTest" time="0.001"/>
  <testcase name="withdraw_from_cd_account()" classname="banking.WithdrawProcessorTest" time="0.001"/>
  <system-out><![CDATA[]]></system-out>
  <system-err><![CDATA[]]></system-err>
</testsuite>
