<?xml version="1.0" encoding="UTF-8"?>
<testsuite name="banking.AprCalculationTest" tests="3" skipped="0" failures="0" errors="0" timestamp="2021-06-13T02:54:18" hostname="JIN-COMPOTA" time="0.007">
  <properties/>
  <testcase name="checking_apr_calculations()" classname="banking.AprCalculationTest" time="0.001"/>
  <testcase name="savings_apr_calculations()" classname="banking.AprCalculationTest" time="0.002"/>
  <testcase name="cd_apr_calculations()" classname="banking.AprCalculationTest" time="0.002"/>
  <system-out><![CDATA[]]></system-out>
  <system-err><![CDATA[]]></system-err>
</testsuite>
