<?xml version="1.0" encoding="UTF-8"?>
<testsuite name="banking.PassProcessorTest" tests="1" skipped="0" failures="0" errors="0" timestamp="2021-06-04T23:09:28" hostname="JIN-COMPOTA" time="0.021">
  <properties/>
  <testcase name="pass_ages_only_existing_accounts()" classname="banking.PassProcessorTest" time="0.021"/>
  <system-out><![CDATA[]]></system-out>
  <system-err><![CDATA[]]></system-err>
</testsuite>
