<?xml version="1.0" encoding="UTF-8"?>
<testsuite name="banking.WithdrawProcessorTest" tests="1" skipped="0" failures="0" errors="0" timestamp="2021-06-05T21:17:40" hostname="JIN-COMPOTA" time="0.022">
  <properties/>
  <testcase name="withdraw_from_cd_account()" classname="banking.WithdrawProcessorTest" time="0.022"/>
  <system-out><![CDATA[]]></system-out>
  <system-err><![CDATA[]]></system-err>
</testsuite>
