<?xml version="1.0" encoding="UTF-8"?>
<testsuite name="banking.PassValidatorTest" tests="17" skipped="0" failures="0" errors="0" timestamp="2021-06-05T20:00:04" hostname="JIN-COMPOTA" time="0.038">
  <properties/>
  <testcase name="command_is_wrong_type()" classname="banking.PassValidatorTest" time="0.002"/>
  <testcase name="months_is_three_digits()" classname="banking.PassValidatorTest" time="0.001"/>
  <testcase name="months_is_string()" classname="banking.PassValidatorTest" time="0.0"/>
  <testcase name="correct_pass_command()" classname="banking.PassValidatorTest" time="0.001"/>
  <testcase name="command_is_quotes()" classname="banking.PassValidatorTest" time="0.001"/>
  <testcase name="spaces_in_middle()" classname="banking.PassValidatorTest" time="0.002"/>
  <testcase name="spaces_in_end()" classname="banking.PassValidatorTest" time="0.001"/>
  <testcase name="command_case_insensitive()" classname="banking.PassValidatorTest" time="0.001"/>
  <testcase name="spaces_in_front()" classname="banking.PassValidatorTest" time="0.002"/>
  <testcase name="months_is_negative()" classname="banking.PassValidatorTest" time="0.001"/>
  <testcase name="command_spelled_wrong()" classname="banking.PassValidatorTest" time="0.001"/>
  <testcase name="command_is_missing()" classname="banking.PassValidatorTest" time="0.001"/>
  <testcase name="months_is_zero()" classname="banking.PassValidatorTest" time="0.002"/>
  <testcase name="months_is_missing()" classname="banking.PassValidatorTest" time="0.0"/>
  <testcase name="months_is_above_higher_bound()" classname="banking.PassValidatorTest" time="0.001"/>
  <testcase name="months_is_lowest_bound_one()" classname="banking.PassValidatorTest" time="0.001"/>
  <testcase name="months_is_highest_bound_sixty()" classname="banking.PassValidatorTest" time="0.001"/>
  <system-out><![CDATA[]]></system-out>
  <system-err><![CDATA[]]></system-err>
</testsuite>
